<?xml version="1.0" encoding="UTF-8"?>
<!-- Generated by org.testng.reporters.JUnitReportReporter -->
<testsuite hostname="LAPTOP-7UJ26UMN" failures="0" tests="2" name="tests.LoginTests" time="2.588" errors="0" timestamp="2025-01-19T19:40:19 IST" skipped="0">
  <testcase classname="tests.LoginTests" name="testInvalidLogin" time="1.328"/>
  <system-out/>
  <testcase classname="tests.LoginTests" name="testValidLogin" time="1.260"/>
  <system-out/>
</testsuite> <!-- tests.LoginTests -->
