<?xml version="1.0" encoding="UTF-8"?>
<!-- Generated by org.testng.reporters.JUnitReportReporter -->
<testsuite hostname="LAPTOP-7UJ26UMN" failures="0" tests="2" name="tests.LoginTests" time="5.222" errors="0" timestamp="2025-01-20T09:16:11 IST" skipped="0">
  <testcase classname="tests.LoginTests" name="testInvalidLogin" time="2.875"/>
  <system-out/>
  <testcase classname="tests.LoginTests" name="testValidLogin" time="2.347"/>
  <system-out/>
</testsuite> <!-- tests.LoginTests -->
